<?xml version="1.0" encoding="UTF-8"?>
<!-- Generated by org.testng.reporters.JUnitXMLReporter -->
<testsuite hostname="Rakyesh-PC" ignored="1" name="Test" tests="27" failures="3" timestamp="02 Nov 2021 04:57:15 GMT" time="302.498" errors="0">
  <testcase name="@AfterMethod afterMethod" time="0.003" classname="demotestng.Soft_Assert">
    <failure type="java.lang.AssertionError" message="The following asserts failed:
	expected [Rediffmail] but found [Rediffmai]">
      <![CDATA[java.lang.AssertionError: The following asserts failed:
expected [Rediffmail] but found [Rediffmai]
at demotestng.Soft_Assert.afterMethod(Soft_Assert.java:33)
at java.util.concurrent.FutureTask.run(Unknown Source)
at java.util.concurrent.ThreadPoolExecutor.runWorker(Unknown Source)
at java.util.concurrent.ThreadPoolExecutor$Worker.run(Unknown Source)
at java.lang.Thread.run(Unknown Source)
... Removed 20 stack frames]]>
    </failure>
  </testcase> <!-- @AfterMethod afterMethod -->
  <testcase name="Whenuseropenchromebrowser" time="16.35" classname="demotestng.BRQ_AZ1"/>
  <testcase name="a" time="0.01" classname="demotestng.DependencyTest">
    <failure type="java.lang.AssertionError" message="expected [false] but found [true]">
      <![CDATA[java.lang.AssertionError: expected [false] but found [true]
at demotestng.DependencyTest.a(DependencyTest.java:9)
at java.util.concurrent.FutureTask.run(Unknown Source)
at java.util.concurrent.ThreadPoolExecutor.runWorker(Unknown Source)
at java.util.concurrent.ThreadPoolExecutor$Worker.run(Unknown Source)
at java.lang.Thread.run(Unknown Source)
... Removed 22 stack frames]]>
    </failure>
  </testcase> <!-- a -->
  <testcase name="f" time="2.33" classname="demotestng.Hard_Assert">
    <failure type="java.lang.AssertionError" message="expected [Rediffmail] but found [Rediffmai]">
      <![CDATA[java.lang.AssertionError: expected [Rediffmail] but found [Rediffmai]
at demotestng.Hard_Assert.f(Hard_Assert.java:20)
at java.util.concurrent.FutureTask.run(Unknown Source)
at java.util.concurrent.ThreadPoolExecutor.runWorker(Unknown Source)
at java.util.concurrent.ThreadPoolExecutor$Worker.run(Unknown Source)
at java.lang.Thread.run(Unknown Source)
... Removed 22 stack frames]]>
    </failure>
  </testcase> <!-- f -->
  <testcase name="az_1" time="0.002" classname="demotestng.ExampleofBeforeAfterMethod"/>
  <testcase name="az_2" time="0.004" classname="demotestng.ExampleofBeforeAfterMethod"/>
  <testcase name="az_3" time="0.004" classname="demotestng.ExampleofBeforeAfterMethod"/>
  <testcase name="Whenuseropenchromebrowser" time="20.09" classname="demotestng.BRQ_AZ2"/>
  <testcase name="f" time="5.673" classname="demotestng.FacebookLogin"/>
  <testcase name="openamazon" time="23.358" classname="demotestng.BRQ_AZ1"/>
  <testcase name="f" time="0.004" classname="demotestng.AllAnnotations"/>
  <testcase name="f" time="24.966" classname="demotestng.Soft_Assert"/>
  <testcase name="chrome" time="54.03" classname="demotestng.OtherMethodofTestng"/>
  <testcase name="chrome" time="30.925" classname="demotestng.OtherMethodofTestng"/>
  <testcase name="test" time="0.003" classname="demotestng.FirstTest"/>
  <testcase name="A_1" time="0.017" classname="demotestng.Sequences"/>
  <testcase name="A_2" time="0.003" classname="demotestng.Sequences"/>
  <testcase name="B_1" time="0.007" classname="demotestng.Sequences"/>
  <testcase name="a_1" time="0.002" classname="demotestng.Sequences"/>
  <testcase name="b" time="0.0" classname="demotestng.DependencyTest">
    <skipped/>
  </testcase> <!-- b -->
  <testcase name="c" time="0.0" classname="demotestng.DependencyTest">
    <skipped/>
  </testcase> <!-- c -->
  <testcase name="openamazon" time="22.975" classname="demotestng.BRQ_AZ2"/>
  <testcase name="searchproduct" time="17.517" classname="demotestng.BRQ_AZ2"/>
  <testcase name="addtocart" time="0.877" classname="demotestng.BRQ_AZ2">
    <failure type="org.openqa.selenium.NoSuchElementException" message="no such element: Unable to locate element: {&amp;quot;method&amp;quot;:&amp;quot;xpath&amp;quot;,&amp;quot;selector&amp;quot;:&amp;quot;//input[@id=&amp;apos;add-to-cart-button&amp;apos;]&amp;quot;}
  (Session info: chrome=95.0.4638.54)
  (Driver info: chromedriver=2.40.565498 (ea082db3280dd6843ebfb08a625e3eb905c4f5ab),platform=Windows NT 10.0.19042 x86_64) (WARNING: The server did not provide any stacktrace information)
Command duration or timeout: 0 milliseconds
For documentation on this error, please visit: https://www.seleniumhq.org/exceptions/no_such_element.html
Build info: version: &amp;apos;3.141.59&amp;apos;, revision: &amp;apos;e82be7d358&amp;apos;, time: &amp;apos;2018-11-14T08:25:53&amp;apos;
System info: host: &amp;apos;RAKYESH-PC&amp;apos;, ip: &amp;apos;192.168.43.210&amp;apos;, os.name: &amp;apos;Windows 10&amp;apos;, os.arch: &amp;apos;amd64&amp;apos;, os.version: &amp;apos;10.0&amp;apos;, java.version: &amp;apos;1.8.0_211&amp;apos;
Driver info: org.openqa.selenium.chrome.ChromeDriver
Capabilities {acceptInsecureCerts: false, acceptSslCerts: false, applicationCacheEnabled: false, browserConnectionEnabled: false, browserName: chrome, chrome: {chromedriverVersion: 2.40.565498 (ea082db3280dd6..., userDataDir: C:\Users\rakyesh\AppData\Lo...}, cssSelectorsEnabled: true, databaseEnabled: false, handlesAlerts: true, hasTouchScreen: false, javascriptEnabled: true, locationContextEnabled: true, mobileEmulationEnabled: false, nativeEvents: true, networkConnectionEnabled: false, pageLoadStrategy: normal, platform: XP, platformName: XP, rotatable: false, setWindowRect: true, takesHeapSnapshot: true, takesScreenshot: true, unexpectedAlertBehaviour: , unhandledPromptBehavior: , version: 95.0.4638.54, webStorageEnabled: true}
Session ID: e53287ad7321cefa7cd2bb4655f4383b
*** Element info: {Using=xpath, value=//input[@id=&amp;apos;add-to-cart-button&amp;apos;]}">
      <![CDATA[org.openqa.selenium.NoSuchElementException: no such element: Unable to locate element: {"method":"xpath","selector":"//input[@id='add-to-cart-button']"}
  (Session info: chrome=95.0.4638.54)
  (Driver info: chromedriver=2.40.565498 (ea082db3280dd6843ebfb08a625e3eb905c4f5ab),platform=Windows NT 10.0.19042 x86_64) (WARNING: The server did not provide any stacktrace information)
Command duration or timeout: 0 milliseconds
For documentation on this error, please visit: https://www.seleniumhq.org/exceptions/no_such_element.html
Build info: version: '3.141.59', revision: 'e82be7d358', time: '2018-11-14T08:25:53'
System info: host: 'RAKYESH-PC', ip: '192.168.43.210', os.name: 'Windows 10', os.arch: 'amd64', os.version: '10.0', java.version: '1.8.0_211'
Driver info: org.openqa.selenium.chrome.ChromeDriver
Capabilities {acceptInsecureCerts: false, acceptSslCerts: false, applicationCacheEnabled: false, browserConnectionEnabled: false, browserName: chrome, chrome: {chromedriverVersion: 2.40.565498 (ea082db3280dd6..., userDataDir: C:\Users\rakyesh\AppData\Lo...}, cssSelectorsEnabled: true, databaseEnabled: false, handlesAlerts: true, hasTouchScreen: false, javascriptEnabled: true, locationContextEnabled: true, mobileEmulationEnabled: false, nativeEvents: true, networkConnectionEnabled: false, pageLoadStrategy: normal, platform: XP, platformName: XP, rotatable: false, setWindowRect: true, takesHeapSnapshot: true, takesScreenshot: true, unexpectedAlertBehaviour: , unhandledPromptBehavior: , version: 95.0.4638.54, webStorageEnabled: true}
Session ID: e53287ad7321cefa7cd2bb4655f4383b
*** Element info: {Using=xpath, value=//input[@id='add-to-cart-button']}
at org.openqa.selenium.remote.ErrorHandler.createThrowable(ErrorHandler.java:214)
at org.openqa.selenium.remote.ErrorHandler.throwIfResponseFailed(ErrorHandler.java:166)
at org.openqa.selenium.remote.http.JsonHttpResponseCodec.reconstructValue(JsonHttpResponseCodec.java:40)
at org.openqa.selenium.remote.http.AbstractHttpResponseCodec.decode(AbstractHttpResponseCodec.java:80)
at org.openqa.selenium.remote.http.AbstractHttpResponseCodec.decode(AbstractHttpResponseCodec.java:44)
at org.openqa.selenium.remote.HttpCommandExecutor.execute(HttpCommandExecutor.java:158)
at org.openqa.selenium.remote.service.DriverCommandExecutor.execute(DriverCommandExecutor.java:83)
at org.openqa.selenium.remote.RemoteWebDriver.execute(RemoteWebDriver.java:552)
at org.openqa.selenium.remote.RemoteWebDriver.findElement(RemoteWebDriver.java:323)
at org.openqa.selenium.remote.RemoteWebDriver.findElementByXPath(RemoteWebDriver.java:428)
at org.openqa.selenium.By$ByXPath.findElement(By.java:353)
at org.openqa.selenium.remote.RemoteWebDriver.findElement(RemoteWebDriver.java:315)
at demotestng.BRQ_AZ2.addtocart(BRQ_AZ2.java:47)
at java.util.concurrent.FutureTask.run(Unknown Source)
at java.util.concurrent.ThreadPoolExecutor.runWorker(Unknown Source)
at java.util.concurrent.ThreadPoolExecutor$Worker.run(Unknown Source)
at java.lang.Thread.run(Unknown Source)
... Removed 20 stack frames]]>
    </failure>
  </testcase> <!-- addtocart -->
  <testcase name="removefromcart" time="0.0" classname="demotestng.BRQ_AZ2">
    <skipped/>
  </testcase> <!-- removefromcart -->
  <testcase name="searchproduct" time="11.896" classname="demotestng.BRQ_AZ1"/>
  <testcase name="addtocart" time="17.435" classname="demotestng.BRQ_AZ1"/>
  <testcase name="removefromcart" time="7.237" classname="demotestng.BRQ_AZ1"/>
  <testcase name="firefox" time="0.0" classname="demotestng.OtherMethodofTestng">
    <ignored/>
  </testcase> <!-- firefox -->
</testsuite> <!-- Test -->
