<?xml version="1.0" encoding="UTF-8"?>
<!-- Generated by org.testng.reporters.JUnitXMLReporter -->
<testsuite hostname="Rakyesh-PC" ignored="0" name="Test(failed)" tests="9" failures="2" timestamp="02 Nov 2021 05:04:34 GMT" time="98.535" errors="0">
  <testcase name="Whenuseropenchromebrowser" time="12.117" classname="demotestng.BRQ_AZ2"/>
  <testcase name="a" time="0.015" classname="demotestng.DependencyTest">
    <failure type="java.lang.AssertionError" message="expected [false] but found [true]">
      <![CDATA[java.lang.AssertionError: expected [false] but found [true]
at demotestng.DependencyTest.a(DependencyTest.java:9)
at java.util.concurrent.FutureTask.run(Unknown Source)
at java.util.concurrent.ThreadPoolExecutor.runWorker(Unknown Source)
at java.util.concurrent.ThreadPoolExecutor$Worker.run(Unknown Source)
at java.lang.Thread.run(Unknown Source)
... Removed 22 stack frames]]>
    </failure>
  </testcase> <!-- a -->
  <testcase name="f" time="5.105" classname="demotestng.Hard_Assert">
    <failure type="java.lang.AssertionError" message="expected [Rediffmail] but found [Rediffmai]">
      <![CDATA[java.lang.AssertionError: expected [Rediffmail] but found [Rediffmai]
at demotestng.Hard_Assert.f(Hard_Assert.java:20)
at java.util.concurrent.FutureTask.run(Unknown Source)
at java.util.concurrent.ThreadPoolExecutor.runWorker(Unknown Source)
at java.util.concurrent.ThreadPoolExecutor$Worker.run(Unknown Source)
at java.lang.Thread.run(Unknown Source)
... Removed 22 stack frames]]>
    </failure>
  </testcase> <!-- f -->
  <testcase name="openamazon" time="25.035" classname="demotestng.BRQ_AZ2"/>
  <testcase name="c" time="0.0" classname="demotestng.DependencyTest">
    <skipped/>
  </testcase> <!-- c -->
  <testcase name="b" time="0.0" classname="demotestng.DependencyTest">
    <skipped/>
  </testcase> <!-- b -->
  <testcase name="searchproduct" time="16.891" classname="demotestng.BRQ_AZ2"/>
  <testcase name="addtocart" time="19.249" classname="demotestng.BRQ_AZ2"/>
  <testcase name="removefromcart" time="6.953" classname="demotestng.BRQ_AZ2"/>
</testsuite> <!-- Test(failed) -->
